<?xml version="1.0" encoding="UTF-8"?>
<testsuite xmlns:xsi="http://www.w3.org/2001/XMLSchema-instance" xsi:noNamespaceSchemaLocation="https://maven.apache.org/surefire/maven-surefire-plugin/xsd/surefire-test-report.xsd" name="com.google.protobuf.BoundedByteStringTest" time="0.063" tests="25" errors="0" skipped="0" failures="0">
  <properties>
    <property name="sun.desktop" value="gnome"/>
    <property name="awt.toolkit" value="sun.awt.X11.XToolkit"/>
    <property name="file.encoding.pkg" value="sun.io"/>
    <property name="java.specification.version" value="1.8"/>
    <property name="sun.cpu.isalist" value=""/>
    <property name="sun.jnu.encoding" value="UTF-8"/>
    <property name="java.class.path" value="/home/csb/gravity/gravity_deps/protobuf-2.6.1/java/target/test-classes:/home/csb/gravity/gravity_deps/protobuf-2.6.1/java/target/classes:/home/csb/.m2/repository/junit/junit/4.4/junit-4.4.jar:/home/csb/.m2/repository/org/easymock/easymock/2.2/easymock-2.2.jar:/home/csb/.m2/repository/org/easymock/easymockclassextension/2.2.1/easymockclassextension-2.2.1.jar:/home/csb/.m2/repository/cglib/cglib-nodep/2.1_3/cglib-nodep-2.1_3.jar:"/>
    <property name="java.vm.vendor" value="Oracle Corporation"/>
    <property name="sun.arch.data.model" value="64"/>
    <property name="java.vendor.url" value="http://java.oracle.com/"/>
    <property name="user.timezone" value=""/>
    <property name="java.vm.specification.version" value="1.8"/>
    <property name="os.name" value="Linux"/>
    <property name="user.country" value="US"/>
    <property name="sun.java.launcher" value="SUN_STANDARD"/>
    <property name="sun.boot.library.path" value="/opt/java/jdk8/jre/lib/amd64"/>
    <property name="sun.java.command" value="/home/csb/gravity/gravity_deps/protobuf-2.6.1/java/target/surefire/surefirebooter1629950912915315314.jar /home/csb/gravity/gravity_deps/protobuf-2.6.1/java/target/surefire 2018-09-28T14-37-20_863-jvmRun1 surefire8643515692930629178tmp surefire_03845393117109887236tmp"/>
    <property name="surefire.test.class.path" value="/home/csb/gravity/gravity_deps/protobuf-2.6.1/java/target/test-classes:/home/csb/gravity/gravity_deps/protobuf-2.6.1/java/target/classes:/home/csb/.m2/repository/junit/junit/4.4/junit-4.4.jar:/home/csb/.m2/repository/org/easymock/easymock/2.2/easymock-2.2.jar:/home/csb/.m2/repository/org/easymock/easymockclassextension/2.2.1/easymockclassextension-2.2.1.jar:/home/csb/.m2/repository/cglib/cglib-nodep/2.1_3/cglib-nodep-2.1_3.jar:"/>
    <property name="sun.cpu.endian" value="little"/>
    <property name="user.home" value="/home/csb"/>
    <property name="user.language" value="en"/>
    <property name="java.specification.vendor" value="Oracle Corporation"/>
    <property name="java.home" value="/opt/java/jdk8/jre"/>
    <property name="basedir" value="/home/csb/gravity/gravity_deps/protobuf-2.6.1/java"/>
    <property name="file.separator" value="/"/>
    <property name="line.separator" value="&#10;"/>
    <property name="java.vm.specification.vendor" value="Oracle Corporation"/>
    <property name="java.specification.name" value="Java Platform API Specification"/>
    <property name="java.awt.graphicsenv" value="sun.awt.X11GraphicsEnvironment"/>
    <property name="surefire.real.class.path" value="/home/csb/gravity/gravity_deps/protobuf-2.6.1/java/target/surefire/surefirebooter1629950912915315314.jar"/>
    <property name="sun.boot.class.path" value="/opt/java/jdk8/jre/lib/resources.jar:/opt/java/jdk8/jre/lib/rt.jar:/opt/java/jdk8/jre/lib/sunrsasign.jar:/opt/java/jdk8/jre/lib/jsse.jar:/opt/java/jdk8/jre/lib/jce.jar:/opt/java/jdk8/jre/lib/charsets.jar:/opt/java/jdk8/jre/lib/jfr.jar:/opt/java/jdk8/jre/classes"/>
    <property name="sun.management.compiler" value="HotSpot 64-Bit Tiered Compilers"/>
    <property name="java.runtime.version" value="1.8.0_181-b13"/>
    <property name="user.name" value="csb"/>
    <property name="path.separator" value=":"/>
    <property name="os.version" value="4.13.0-36-generic"/>
    <property name="java.endorsed.dirs" value="/opt/java/jdk8/jre/lib/endorsed"/>
    <property name="java.runtime.name" value="Java(TM) SE Runtime Environment"/>
    <property name="file.encoding" value="UTF-8"/>
    <property name="java.vm.name" value="Java HotSpot(TM) 64-Bit Server VM"/>
    <property name="localRepository" value="/home/csb/.m2/repository"/>
    <property name="java.vendor.url.bug" value="http://bugreport.sun.com/bugreport/"/>
    <property name="java.io.tmpdir" value="/tmp"/>
    <property name="java.version" value="1.8.0_181"/>
    <property name="user.dir" value="/home/csb/gravity/gravity_deps/protobuf-2.6.1/java"/>
    <property name="os.arch" value="amd64"/>
    <property name="java.vm.specification.name" value="Java Virtual Machine Specification"/>
    <property name="java.awt.printerjob" value="sun.print.PSPrinterJob"/>
    <property name="sun.os.patch.level" value="unknown"/>
    <property name="java.library.path" value="/usr/java/packages/lib/amd64:/usr/lib64:/lib64:/lib:/usr/lib"/>
    <property name="java.vm.info" value="mixed mode"/>
    <property name="java.vendor" value="Oracle Corporation"/>
    <property name="java.vm.version" value="25.181-b13"/>
    <property name="java.ext.dirs" value="/opt/java/jdk8/jre/lib/ext:/usr/java/packages/lib/ext"/>
    <property name="sun.io.unicode.encoding" value="UnicodeLittle"/>
    <property name="java.class.version" value="52.0"/>
  </properties>
  <testcase name="testToString" classname="com.google.protobuf.BoundedByteStringTest" time="0.002"/>
  <testcase name="testGetTreeDepth" classname="com.google.protobuf.BoundedByteStringTest" time="0.001"/>
  <testcase name="testExpectedType" classname="com.google.protobuf.BoundedByteStringTest" time="0"/>
  <testcase name="testByteAt" classname="com.google.protobuf.BoundedByteStringTest" time="0"/>
  <testcase name="testByteIterator" classname="com.google.protobuf.BoundedByteStringTest" time="0"/>
  <testcase name="testByteIterable" classname="com.google.protobuf.BoundedByteStringTest" time="0"/>
  <testcase name="testSize" classname="com.google.protobuf.BoundedByteStringTest" time="0"/>
  <testcase name="testIsBalanced" classname="com.google.protobuf.BoundedByteStringTest" time="0"/>
  <testcase name="testCopyTo_ByteArrayOffsetLength" classname="com.google.protobuf.BoundedByteStringTest" time="0"/>
  <testcase name="testCopyTo_ByteArrayOffsetLengthErrors" classname="com.google.protobuf.BoundedByteStringTest" time="0"/>
  <testcase name="testCopyTo_ByteBuffer" classname="com.google.protobuf.BoundedByteStringTest" time="0"/>
  <testcase name="testAsReadOnlyByteBuffer" classname="com.google.protobuf.BoundedByteStringTest" time="0"/>
  <testcase name="testAsReadOnlyByteBufferList" classname="com.google.protobuf.BoundedByteStringTest" time="0.001"/>
  <testcase name="testToByteArray" classname="com.google.protobuf.BoundedByteStringTest" time="0"/>
  <testcase name="testWriteTo" classname="com.google.protobuf.BoundedByteStringTest" time="0.001"/>
  <testcase name="testWriteTo_mutating" classname="com.google.protobuf.BoundedByteStringTest" time="0"/>
  <testcase name="testNewOutput" classname="com.google.protobuf.BoundedByteStringTest" time="0.001"/>
  <testcase name="testEquals" classname="com.google.protobuf.BoundedByteStringTest" time="0"/>
  <testcase name="testHashCode" classname="com.google.protobuf.BoundedByteStringTest" time="0.001"/>
  <testcase name="testPeekCachedHashCode" classname="com.google.protobuf.BoundedByteStringTest" time="0"/>
  <testcase name="testPartialHash" classname="com.google.protobuf.BoundedByteStringTest" time="0"/>
  <testcase name="testNewInput" classname="com.google.protobuf.BoundedByteStringTest" time="0.001"/>
  <testcase name="testNewInput_skip" classname="com.google.protobuf.BoundedByteStringTest" time="0"/>
  <testcase name="testNewCodedInput" classname="com.google.protobuf.BoundedByteStringTest" time="0"/>
  <testcase name="testConcat_empty" classname="com.google.protobuf.BoundedByteStringTest" time="0.001"/>
</testsuite>